<?xml version="1.0" encoding="UTF-8"?>
<testsuite xmlns:xsi="http://www.w3.org/2001/XMLSchema-instance" xsi:noNamespaceSchemaLocation="https://maven.apache.org/surefire/maven-surefire-plugin/xsd/surefire-test-report.xsd" name="com.ming.stringAccumulator.StringAccumulatorTest" time="1.625" tests="12" errors="0" skipped="0" failures="0">
  <properties>
[...]
</properties>
  <testcase name="given_IntegersMoreThan1k_when_CommaDelimitedAndSum_then_ExpectExcludeMoreThan1kAndSum" classname="com.ming.stringAccumulator.StringAccumulatorTest" time="0.239"/>
  <testcase name="given_MultiplePositiveIntegers_when_ManyCustomDelimitersAndSum_then_ExpectSum" classname="com.ming.stringAccumulator.StringAccumulatorTest" time="0.002"/>
  <testcase name="given_ManyPositiveIntegers_when_NewLineDelimitedAndSum_then_ExpectSum" classname="com.ming.stringAccumulator.StringAccumulatorTest" time="0.002"/>
  <testcase name="given_SingleNegativeInteger_when_CommaDelimitedAndSum_then_ExpectError" classname="com.ming.stringAccumulator.StringAccumulatorTest" time="0.013"/>
  <testcase name="given_ManyPositiveIntegers_when_MetaCharAsDelimiter_then_ExpectSum" classname="com.ming.stringAccumulator.StringAccumulatorTest" time="0.002"/>
  <testcase name="given_EmptyString_when_Sum_then_ExpectZero" classname="com.ming.stringAccumulator.StringAccumulatorTest" time="0.002"/>
  <testcase name="given_ManyPositiveIntegers_when_SingleCustomDelimiterAndSum_then_ExpectSum" classname="com.ming.stringAccumulator.StringAccumulatorTest" time="0.002"/>
  <testcase name="given_ManyNegativeIntegers_when_CustomDelimitedAndSum_then_ExpectError" classname="com.ming.stringAccumulator.StringAccumulatorTest" time="0.002"/>
  <testcase name="given_ManyPositiveIntegers_when_CommaDelimitedAndSum_then_ExpectSum" classname="com.ming.stringAccumulator.StringAccumulatorTest" time="0.003"/>
  <testcase name="given_PositiveIntegers_when_CommaDelimitedAndSum_then_ExpectSum" classname="com.ming.stringAccumulator.StringAccumulatorTest" time="0.001"/>
  <testcase name="given_SinglePositiveInteger_when_Sum_then_ExpectSelf" classname="com.ming.stringAccumulator.StringAccumulatorTest" time="0.001"/>
  <testcase name="given_ManyPositiveIntegers_when_ManyLongCustomDelimiters_then_ExpectSum" classname="com.ming.stringAccumulator.StringAccumulatorTest" time="0.003"/>
</testsuite>